{"/Users/andelarwanda/Desktop/mybrand-backend/my-brand-backend/app.js": {"path":"/Users/andelarwanda/Desktop/mybrand-backend/my-brand-backend/app.js","statementMap":{"0":{"start":{"line":13,"column":12},"end":{"line":13,"column":21}},"1":{"start":{"line":14,"column":0},"end":{"line":14,"column":39}},"2":{"start":{"line":16,"column":0},"end":{"line":18,"column":1}},"3":{"start":{"line":17,"column":2},"end":{"line":17,"column":24}},"4":{"start":{"line":20,"column":0},"end":{"line":20,"column":23}},"5":{"start":{"line":24,"column":0},"end":{"line":29,"column":2}},"6":{"start":{"line":25,"column":2},"end":{"line":28,"column":4}},"7":{"start":{"line":33,"column":0},"end":{"line":33,"column":36}},"8":{"start":{"line":34,"column":0},"end":{"line":34,"column":42}},"9":{"start":{"line":35,"column":0},"end":{"line":35,"column":36}},"10":{"start":{"line":36,"column":0},"end":{"line":36,"column":42}},"11":{"start":{"line":37,"column":0},"end":{"line":37,"column":42}},"12":{"start":{"line":38,"column":0},"end":{"line":38,"column":45}},"13":{"start":{"line":42,"column":0},"end":{"line":44,"column":2}},"14":{"start":{"line":43,"column":2},"end":{"line":43,"column":73}},"15":{"start":{"line":46,"column":0},"end":{"line":46,"column":27}}},"fnMap":{"0":{"name":"(anonymous_0)","decl":{"start":{"line":24,"column":13},"end":{"line":24,"column":14}},"loc":{"start":{"line":24,"column":27},"end":{"line":29,"column":1}},"line":24},"1":{"name":"(anonymous_1)","decl":{"start":{"line":42,"column":13},"end":{"line":42,"column":14}},"loc":{"start":{"line":42,"column":33},"end":{"line":44,"column":1}},"line":42}},"branchMap":{"0":{"loc":{"start":{"line":16,"column":0},"end":{"line":18,"column":1}},"type":"if","locations":[{"start":{"line":16,"column":0},"end":{"line":18,"column":1}},{"start":{},"end":{}}],"line":16}},"s":{"0":1,"1":1,"2":1,"3":0,"4":1,"5":1,"6":0,"7":1,"8":1,"9":1,"10":1,"11":1,"12":1,"13":1,"14":0,"15":1},"f":{"0":0,"1":0},"b":{"0":[0,1]},"_coverageSchema":"1a1c01bbd47fc00a2c39e90264f33305004495a9","hash":"5862b9262750e910c89e1f2327a395befe218b6f"}
,"/Users/andelarwanda/Desktop/mybrand-backend/my-brand-backend/src/Authentication/authController.js": {"path":"/Users/andelarwanda/Desktop/mybrand-backend/my-brand-backend/src/Authentication/authController.js","statementMap":{"0":{"start":{"line":11,"column":18},"end":{"line":15,"column":1}},"1":{"start":{"line":12,"column":2},"end":{"line":14,"column":4}},"2":{"start":{"line":19,"column":22},"end":{"line":46,"column":2}},"3":{"start":{"line":20,"column":20},"end":{"line":20,"column":28}},"4":{"start":{"line":21,"column":15},"end":{"line":21,"column":51}},"5":{"start":{"line":23,"column":2},"end":{"line":27,"column":3}},"6":{"start":{"line":24,"column":4},"end":{"line":26,"column":5}},"7":{"start":{"line":29,"column":18},"end":{"line":36,"column":4}},"8":{"start":{"line":38,"column":16},"end":{"line":38,"column":38}},"9":{"start":{"line":39,"column":2},"end":{"line":45,"column":4}},"10":{"start":{"line":50,"column":21},"end":{"line":68,"column":2}},"11":{"start":{"line":51,"column":30},"end":{"line":51,"column":38}},"12":{"start":{"line":52,"column":2},"end":{"line":52,"column":30}},"13":{"start":{"line":53,"column":2},"end":{"line":55,"column":3}},"14":{"start":{"line":54,"column":4},"end":{"line":54,"column":71}},"15":{"start":{"line":57,"column":15},"end":{"line":57,"column":64}},"16":{"start":{"line":59,"column":2},"end":{"line":61,"column":3}},"17":{"start":{"line":60,"column":4},"end":{"line":60,"column":65}},"18":{"start":{"line":63,"column":16},"end":{"line":63,"column":35}},"19":{"start":{"line":64,"column":2},"end":{"line":67,"column":4}},"20":{"start":{"line":70,"column":30},"end":{"line":106,"column":2}},"21":{"start":{"line":72,"column":15},"end":{"line":72,"column":60}},"22":{"start":{"line":74,"column":2},"end":{"line":76,"column":3}},"23":{"start":{"line":75,"column":4},"end":{"line":75,"column":79}},"24":{"start":{"line":78,"column":21},"end":{"line":78,"column":52}},"25":{"start":{"line":79,"column":2},"end":{"line":79,"column":48}},"26":{"start":{"line":82,"column":19},"end":{"line":84,"column":46}},"27":{"start":{"line":86,"column":18},"end":{"line":86,"column":169}},"28":{"start":{"line":88,"column":2},"end":{"line":105,"column":3}},"29":{"start":{"line":89,"column":4},"end":{"line":93,"column":6}},"30":{"start":{"line":95,"column":4},"end":{"line":98,"column":6}},"31":{"start":{"line":100,"column":4},"end":{"line":100,"column":39}},"32":{"start":{"line":101,"column":4},"end":{"line":101,"column":41}},"33":{"start":{"line":102,"column":4},"end":{"line":102,"column":50}},"34":{"start":{"line":104,"column":4},"end":{"line":104,"column":63}},"35":{"start":{"line":107,"column":29},"end":{"line":107,"column":51}}},"fnMap":{"0":{"name":"(anonymous_0)","decl":{"start":{"line":11,"column":18},"end":{"line":11,"column":19}},"loc":{"start":{"line":11,"column":26},"end":{"line":15,"column":1}},"line":11},"1":{"name":"(anonymous_1)","decl":{"start":{"line":19,"column":33},"end":{"line":19,"column":34}},"loc":{"start":{"line":19,"column":59},"end":{"line":46,"column":1}},"line":19},"2":{"name":"(anonymous_2)","decl":{"start":{"line":50,"column":32},"end":{"line":50,"column":33}},"loc":{"start":{"line":50,"column":58},"end":{"line":68,"column":1}},"line":50},"3":{"name":"(anonymous_3)","decl":{"start":{"line":70,"column":41},"end":{"line":70,"column":42}},"loc":{"start":{"line":70,"column":67},"end":{"line":106,"column":1}},"line":70},"4":{"name":"(anonymous_4)","decl":{"start":{"line":107,"column":29},"end":{"line":107,"column":30}},"loc":{"start":{"line":107,"column":49},"end":{"line":107,"column":51}},"line":107}},"branchMap":{"0":{"loc":{"start":{"line":23,"column":2},"end":{"line":27,"column":3}},"type":"if","locations":[{"start":{"line":23,"column":2},"end":{"line":27,"column":3}},{"start":{},"end":{}}],"line":23},"1":{"loc":{"start":{"line":53,"column":2},"end":{"line":55,"column":3}},"type":"if","locations":[{"start":{"line":53,"column":2},"end":{"line":55,"column":3}},{"start":{},"end":{}}],"line":53},"2":{"loc":{"start":{"line":53,"column":6},"end":{"line":53,"column":25}},"type":"binary-expr","locations":[{"start":{"line":53,"column":6},"end":{"line":53,"column":12}},{"start":{"line":53,"column":16},"end":{"line":53,"column":25}}],"line":53},"3":{"loc":{"start":{"line":59,"column":2},"end":{"line":61,"column":3}},"type":"if","locations":[{"start":{"line":59,"column":2},"end":{"line":61,"column":3}},{"start":{},"end":{}}],"line":59},"4":{"loc":{"start":{"line":59,"column":6},"end":{"line":59,"column":69}},"type":"binary-expr","locations":[{"start":{"line":59,"column":6},"end":{"line":59,"column":11}},{"start":{"line":59,"column":15},"end":{"line":59,"column":69}}],"line":59},"5":{"loc":{"start":{"line":74,"column":2},"end":{"line":76,"column":3}},"type":"if","locations":[{"start":{"line":74,"column":2},"end":{"line":76,"column":3}},{"start":{},"end":{}}],"line":74}},"s":{"0":1,"1":0,"2":1,"3":0,"4":0,"5":0,"6":0,"7":0,"8":0,"9":0,"10":1,"11":0,"12":0,"13":0,"14":0,"15":0,"16":0,"17":0,"18":0,"19":0,"20":1,"21":0,"22":0,"23":0,"24":0,"25":0,"26":0,"27":0,"28":0,"29":0,"30":0,"31":0,"32":0,"33":0,"34":0,"35":1},"f":{"0":0,"1":0,"2":0,"3":0,"4":0},"b":{"0":[0,0],"1":[0,0],"2":[0,0],"3":[0,0],"4":[0,0],"5":[0,0]},"_coverageSchema":"1a1c01bbd47fc00a2c39e90264f33305004495a9","hash":"8d4c72a420e025820e11811dca56c6b623555e25"}
,"/Users/andelarwanda/Desktop/mybrand-backend/my-brand-backend/src/Subscribers/Routes/subscriberRoutes.js": {"path":"/Users/andelarwanda/Desktop/mybrand-backend/my-brand-backend/src/Subscribers/Routes/subscriberRoutes.js","statementMap":{"0":{"start":{"line":4,"column":15},"end":{"line":4,"column":31}},"1":{"start":{"line":6,"column":0},"end":{"line":6,"column":78}},"2":{"start":{"line":7,"column":0},"end":{"line":7,"column":51}}},"fnMap":{},"branchMap":{},"s":{"0":1,"1":1,"2":1},"f":{},"b":{},"_coverageSchema":"1a1c01bbd47fc00a2c39e90264f33305004495a9","hash":"286a3dbb896dcbbc5d61ed5276dc419695c8c5e7"}
,"/Users/andelarwanda/Desktop/mybrand-backend/my-brand-backend/src/Subscribers/controller/SubscribeController.js": {"path":"/Users/andelarwanda/Desktop/mybrand-backend/my-brand-backend/src/Subscribers/controller/SubscribeController.js","statementMap":{"0":{"start":{"line":4,"column":25},"end":{"line":4,"column":54}},"1":{"start":{"line":5,"column":33},"end":{"line":5,"column":59}},"2":{"start":{"line":6,"column":27},"end":{"line":6,"column":56}}},"fnMap":{},"branchMap":{},"s":{"0":1,"1":1,"2":1},"f":{},"b":{},"_coverageSchema":"1a1c01bbd47fc00a2c39e90264f33305004495a9","hash":"3cde0c7aa6f149f190b9b3976748b044b8e7104e"}
,"/Users/andelarwanda/Desktop/mybrand-backend/my-brand-backend/src/Subscribers/model/Subscribers.js": {"path":"/Users/andelarwanda/Desktop/mybrand-backend/my-brand-backend/src/Subscribers/model/Subscribers.js","statementMap":{"0":{"start":{"line":3,"column":25},"end":{"line":9,"column":2}},"1":{"start":{"line":11,"column":19},"end":{"line":11,"column":65}}},"fnMap":{},"branchMap":{},"s":{"0":1,"1":1},"f":{},"b":{},"_coverageSchema":"1a1c01bbd47fc00a2c39e90264f33305004495a9","hash":"61264c923d298a367fa20a574ecb75c683f5a642"}
,"/Users/andelarwanda/Desktop/mybrand-backend/my-brand-backend/src/blogs/controller/blogControllers.js": {"path":"/Users/andelarwanda/Desktop/mybrand-backend/my-brand-backend/src/blogs/controller/blogControllers.js","statementMap":{"0":{"start":{"line":4,"column":26},"end":{"line":4,"column":57}},"1":{"start":{"line":5,"column":23},"end":{"line":5,"column":65}},"2":{"start":{"line":6,"column":27},"end":{"line":6,"column":47}},"3":{"start":{"line":7,"column":26},"end":{"line":7,"column":49}},"4":{"start":{"line":8,"column":26},"end":{"line":8,"column":49}},"5":{"start":{"line":9,"column":24},"end":{"line":9,"column":42}},"6":{"start":{"line":10,"column":27},"end":{"line":10,"column":48}}},"fnMap":{},"branchMap":{},"s":{"0":1,"1":1,"2":1,"3":1,"4":1,"5":1,"6":1},"f":{},"b":{},"_coverageSchema":"1a1c01bbd47fc00a2c39e90264f33305004495a9","hash":"ac5328e451b9b09bd52f34774779368923363cfb"}
,"/Users/andelarwanda/Desktop/mybrand-backend/my-brand-backend/src/blogs/model/blogModel.js": {"path":"/Users/andelarwanda/Desktop/mybrand-backend/my-brand-backend/src/blogs/model/blogModel.js","statementMap":{"0":{"start":{"line":5,"column":19},"end":{"line":35,"column":1}},"1":{"start":{"line":37,"column":0},"end":{"line":41,"column":2}},"2":{"start":{"line":43,"column":13},"end":{"line":43,"column":47}}},"fnMap":{},"branchMap":{},"s":{"0":1,"1":1,"2":1},"f":{},"b":{},"_coverageSchema":"1a1c01bbd47fc00a2c39e90264f33305004495a9","hash":"434ebed841c10262ce28f16436fefda602c296ad"}
,"/Users/andelarwanda/Desktop/mybrand-backend/my-brand-backend/src/blogs/routes/blogRoutes.js": {"path":"/Users/andelarwanda/Desktop/mybrand-backend/my-brand-backend/src/blogs/routes/blogRoutes.js","statementMap":{"0":{"start":{"line":8,"column":16},"end":{"line":15,"column":2}},"1":{"start":{"line":10,"column":4},"end":{"line":10,"column":30}},"2":{"start":{"line":13,"column":4},"end":{"line":13,"column":64}},"3":{"start":{"line":16,"column":15},"end":{"line":16,"column":43}},"4":{"start":{"line":18,"column":15},"end":{"line":18,"column":31}},"5":{"start":{"line":20,"column":0},"end":{"line":20,"column":71}},"6":{"start":{"line":21,"column":0},"end":{"line":21,"column":77}},"7":{"start":{"line":22,"column":0},"end":{"line":22,"column":46}},"8":{"start":{"line":24,"column":0},"end":{"line":32,"column":3}},"9":{"start":{"line":33,"column":0},"end":{"line":45,"column":3}}},"fnMap":{"0":{"name":"(anonymous_0)","decl":{"start":{"line":9,"column":15},"end":{"line":9,"column":16}},"loc":{"start":{"line":9,"column":46},"end":{"line":11,"column":3}},"line":9},"1":{"name":"(anonymous_1)","decl":{"start":{"line":12,"column":12},"end":{"line":12,"column":13}},"loc":{"start":{"line":12,"column":43},"end":{"line":14,"column":3}},"line":12}},"branchMap":{},"s":{"0":1,"1":0,"2":0,"3":1,"4":1,"5":1,"6":1,"7":1,"8":1,"9":1},"f":{"0":0,"1":0},"b":{},"_coverageSchema":"1a1c01bbd47fc00a2c39e90264f33305004495a9","hash":"a0bd672cfcf3326a13e1d2dfbb92fc19caa90e8e"}
,"/Users/andelarwanda/Desktop/mybrand-backend/my-brand-backend/src/comments/controllers/commentsControllers.js": {"path":"/Users/andelarwanda/Desktop/mybrand-backend/my-brand-backend/src/comments/controllers/commentsControllers.js","statementMap":{"0":{"start":{"line":4,"column":29},"end":{"line":4,"column":55}},"1":{"start":{"line":5,"column":30},"end":{"line":5,"column":53}},"2":{"start":{"line":6,"column":26},"end":{"line":6,"column":49}},"3":{"start":{"line":7,"column":29},"end":{"line":7,"column":55}},"4":{"start":{"line":8,"column":29},"end":{"line":8,"column":55}}},"fnMap":{},"branchMap":{},"s":{"0":1,"1":1,"2":1,"3":1,"4":1},"f":{},"b":{},"_coverageSchema":"1a1c01bbd47fc00a2c39e90264f33305004495a9","hash":"20ce98ace6523485d5f05f801b710ef43b38c9df"}
,"/Users/andelarwanda/Desktop/mybrand-backend/my-brand-backend/src/comments/model/commentsModel.js": {"path":"/Users/andelarwanda/Desktop/mybrand-backend/my-brand-backend/src/comments/model/commentsModel.js","statementMap":{"0":{"start":{"line":5,"column":23},"end":{"line":31,"column":1}},"1":{"start":{"line":33,"column":0},"end":{"line":39,"column":2}},"2":{"start":{"line":34,"column":2},"end":{"line":37,"column":4}},"3":{"start":{"line":38,"column":2},"end":{"line":38,"column":8}},"4":{"start":{"line":40,"column":16},"end":{"line":40,"column":57}}},"fnMap":{"0":{"name":"(anonymous_0)","decl":{"start":{"line":33,"column":28},"end":{"line":33,"column":29}},"loc":{"start":{"line":33,"column":44},"end":{"line":39,"column":1}},"line":33}},"branchMap":{},"s":{"0":1,"1":1,"2":0,"3":0,"4":1},"f":{"0":0},"b":{},"_coverageSchema":"1a1c01bbd47fc00a2c39e90264f33305004495a9","hash":"8efe094339cd7265416e2afce2c373aa60d74d77"}
,"/Users/andelarwanda/Desktop/mybrand-backend/my-brand-backend/src/comments/routes/commentRoutes.js": {"path":"/Users/andelarwanda/Desktop/mybrand-backend/my-brand-backend/src/comments/routes/commentRoutes.js","statementMap":{"0":{"start":{"line":5,"column":15},"end":{"line":5,"column":52}},"1":{"start":{"line":7,"column":0},"end":{"line":19,"column":3}},"2":{"start":{"line":20,"column":0},"end":{"line":36,"column":3}}},"fnMap":{},"branchMap":{},"s":{"0":1,"1":1,"2":1},"f":{},"b":{},"_coverageSchema":"1a1c01bbd47fc00a2c39e90264f33305004495a9","hash":"186c21e333de567164cc3604ccd51dcbdcc6a325"}
,"/Users/andelarwanda/Desktop/mybrand-backend/my-brand-backend/src/errorControllers/errorController.js": {"path":"/Users/andelarwanda/Desktop/mybrand-backend/my-brand-backend/src/errorControllers/errorController.js","statementMap":{"0":{"start":{"line":4,"column":26},"end":{"line":7,"column":1}},"1":{"start":{"line":5,"column":18},"end":{"line":5,"column":53}},"2":{"start":{"line":6,"column":2},"end":{"line":6,"column":35}},"3":{"start":{"line":8,"column":32},"end":{"line":13,"column":1}},"4":{"start":{"line":9,"column":16},"end":{"line":9,"column":65}},"5":{"start":{"line":10,"column":18},"end":{"line":10,"column":76}},"6":{"start":{"line":12,"column":2},"end":{"line":12,"column":35}},"7":{"start":{"line":15,"column":32},"end":{"line":19,"column":1}},"8":{"start":{"line":16,"column":17},"end":{"line":16,"column":66}},"9":{"start":{"line":16,"column":55},"end":{"line":16,"column":65}},"10":{"start":{"line":17,"column":18},"end":{"line":17,"column":60}},"11":{"start":{"line":18,"column":2},"end":{"line":18,"column":35}},"12":{"start":{"line":21,"column":21},"end":{"line":28,"column":1}},"13":{"start":{"line":22,"column":2},"end":{"line":27,"column":4}},"14":{"start":{"line":30,"column":22},"end":{"line":48,"column":1}},"15":{"start":{"line":33,"column":2},"end":{"line":47,"column":3}},"16":{"start":{"line":34,"column":4},"end":{"line":37,"column":6}},"17":{"start":{"line":43,"column":4},"end":{"line":46,"column":6}},"18":{"start":{"line":50,"column":27},"end":{"line":67,"column":1}},"19":{"start":{"line":51,"column":2},"end":{"line":51,"column":24}},"20":{"start":{"line":52,"column":2},"end":{"line":52,"column":47}},"21":{"start":{"line":53,"column":2},"end":{"line":53,"column":40}},"22":{"start":{"line":54,"column":2},"end":{"line":54,"column":36}},"23":{"start":{"line":56,"column":2},"end":{"line":66,"column":3}},"24":{"start":{"line":57,"column":4},"end":{"line":57,"column":26}},"25":{"start":{"line":58,"column":9},"end":{"line":66,"column":3}},"26":{"start":{"line":59,"column":16},"end":{"line":59,"column":19}},"27":{"start":{"line":60,"column":4},"end":{"line":60,"column":41}},"28":{"start":{"line":61,"column":4},"end":{"line":61,"column":41}},"29":{"start":{"line":62,"column":4},"end":{"line":62,"column":68}},"30":{"start":{"line":62,"column":36},"end":{"line":62,"column":68}},"31":{"start":{"line":63,"column":4},"end":{"line":63,"column":68}},"32":{"start":{"line":63,"column":30},"end":{"line":63,"column":68}},"33":{"start":{"line":64,"column":4},"end":{"line":64,"column":80}},"34":{"start":{"line":64,"column":42},"end":{"line":64,"column":80}},"35":{"start":{"line":65,"column":4},"end":{"line":65,"column":29}}},"fnMap":{"0":{"name":"(anonymous_0)","decl":{"start":{"line":4,"column":26},"end":{"line":4,"column":27}},"loc":{"start":{"line":4,"column":35},"end":{"line":7,"column":1}},"line":4},"1":{"name":"(anonymous_1)","decl":{"start":{"line":8,"column":32},"end":{"line":8,"column":33}},"loc":{"start":{"line":8,"column":41},"end":{"line":13,"column":1}},"line":8},"2":{"name":"(anonymous_2)","decl":{"start":{"line":15,"column":32},"end":{"line":15,"column":33}},"loc":{"start":{"line":15,"column":41},"end":{"line":19,"column":1}},"line":15},"3":{"name":"(anonymous_3)","decl":{"start":{"line":16,"column":47},"end":{"line":16,"column":48}},"loc":{"start":{"line":16,"column":55},"end":{"line":16,"column":65}},"line":16},"4":{"name":"(anonymous_4)","decl":{"start":{"line":21,"column":21},"end":{"line":21,"column":22}},"loc":{"start":{"line":21,"column":35},"end":{"line":28,"column":1}},"line":21},"5":{"name":"(anonymous_5)","decl":{"start":{"line":30,"column":22},"end":{"line":30,"column":23}},"loc":{"start":{"line":30,"column":36},"end":{"line":48,"column":1}},"line":30},"6":{"name":"(anonymous_6)","decl":{"start":{"line":50,"column":27},"end":{"line":50,"column":28}},"loc":{"start":{"line":50,"column":52},"end":{"line":67,"column":1}},"line":50}},"branchMap":{"0":{"loc":{"start":{"line":33,"column":2},"end":{"line":47,"column":3}},"type":"if","locations":[{"start":{"line":33,"column":2},"end":{"line":47,"column":3}},{"start":{"line":40,"column":9},"end":{"line":47,"column":3}}],"line":33},"1":{"loc":{"start":{"line":53,"column":19},"end":{"line":53,"column":40}},"type":"binary-expr","locations":[{"start":{"line":53,"column":19},"end":{"line":53,"column":33}},{"start":{"line":53,"column":37},"end":{"line":53,"column":40}}],"line":53},"2":{"loc":{"start":{"line":54,"column":15},"end":{"line":54,"column":36}},"type":"binary-expr","locations":[{"start":{"line":54,"column":15},"end":{"line":54,"column":25}},{"start":{"line":54,"column":29},"end":{"line":54,"column":36}}],"line":54},"3":{"loc":{"start":{"line":56,"column":2},"end":{"line":66,"column":3}},"type":"if","locations":[{"start":{"line":56,"column":2},"end":{"line":66,"column":3}},{"start":{"line":58,"column":9},"end":{"line":66,"column":3}}],"line":56},"4":{"loc":{"start":{"line":58,"column":9},"end":{"line":66,"column":3}},"type":"if","locations":[{"start":{"line":58,"column":9},"end":{"line":66,"column":3}},{"start":{},"end":{}}],"line":58},"5":{"loc":{"start":{"line":62,"column":4},"end":{"line":62,"column":68}},"type":"if","locations":[{"start":{"line":62,"column":4},"end":{"line":62,"column":68}},{"start":{},"end":{}}],"line":62},"6":{"loc":{"start":{"line":63,"column":4},"end":{"line":63,"column":68}},"type":"if","locations":[{"start":{"line":63,"column":4},"end":{"line":63,"column":68}},{"start":{},"end":{}}],"line":63},"7":{"loc":{"start":{"line":64,"column":4},"end":{"line":64,"column":80}},"type":"if","locations":[{"start":{"line":64,"column":4},"end":{"line":64,"column":80}},{"start":{},"end":{}}],"line":64}},"s":{"0":1,"1":0,"2":0,"3":1,"4":0,"5":0,"6":0,"7":1,"8":0,"9":0,"10":0,"11":0,"12":1,"13":0,"14":1,"15":0,"16":0,"17":0,"18":1,"19":0,"20":0,"21":0,"22":0,"23":0,"24":0,"25":0,"26":0,"27":0,"28":0,"29":0,"30":0,"31":0,"32":0,"33":0,"34":0,"35":0},"f":{"0":0,"1":0,"2":0,"3":0,"4":0,"5":0,"6":0},"b":{"0":[0,0],"1":[0,0],"2":[0,0],"3":[0,0],"4":[0,0],"5":[0,0],"6":[0,0],"7":[0,0]},"_coverageSchema":"1a1c01bbd47fc00a2c39e90264f33305004495a9","hash":"8df59c26b3ad6f58ce5c0bceeca2c7fac99a7afd"}
,"/Users/andelarwanda/Desktop/mybrand-backend/my-brand-backend/src/handlerFactory/handlerFactory.js": {"path":"/Users/andelarwanda/Desktop/mybrand-backend/my-brand-backend/src/handlerFactory/handlerFactory.js","statementMap":{"0":{"start":{"line":4,"column":25},"end":{"line":13,"column":4}},"1":{"start":{"line":5,"column":2},"end":{"line":13,"column":4}},"2":{"start":{"line":6,"column":16},"end":{"line":6,"column":60}},"3":{"start":{"line":8,"column":4},"end":{"line":8,"column":72}},"4":{"start":{"line":8,"column":14},"end":{"line":8,"column":72}},"5":{"start":{"line":9,"column":4},"end":{"line":12,"column":6}},"6":{"start":{"line":15,"column":25},"end":{"line":30,"column":4}},"7":{"start":{"line":16,"column":2},"end":{"line":30,"column":4}},"8":{"start":{"line":17,"column":16},"end":{"line":20,"column":6}},"9":{"start":{"line":22,"column":4},"end":{"line":22,"column":72}},"10":{"start":{"line":22,"column":14},"end":{"line":22,"column":72}},"11":{"start":{"line":24,"column":4},"end":{"line":29,"column":6}},"12":{"start":{"line":32,"column":25},"end":{"line":56,"column":4}},"13":{"start":{"line":33,"column":2},"end":{"line":56,"column":4}},"14":{"start":{"line":35,"column":4},"end":{"line":49,"column":5}},"15":{"start":{"line":36,"column":6},"end":{"line":40,"column":8}},"16":{"start":{"line":41,"column":11},"end":{"line":49,"column":5}},"17":{"start":{"line":42,"column":6},"end":{"line":46,"column":8}},"18":{"start":{"line":48,"column":6},"end":{"line":48,"column":40}},"19":{"start":{"line":50,"column":4},"end":{"line":55,"column":6}},"20":{"start":{"line":58,"column":22},"end":{"line":73,"column":4}},"21":{"start":{"line":59,"column":2},"end":{"line":73,"column":4}},"22":{"start":{"line":60,"column":16},"end":{"line":60,"column":45}},"23":{"start":{"line":61,"column":4},"end":{"line":61,"column":64}},"24":{"start":{"line":61,"column":25},"end":{"line":61,"column":64}},"25":{"start":{"line":63,"column":16},"end":{"line":63,"column":27}},"26":{"start":{"line":65,"column":4},"end":{"line":65,"column":68}},"27":{"start":{"line":65,"column":14},"end":{"line":65,"column":68}},"28":{"start":{"line":67,"column":4},"end":{"line":72,"column":6}},"29":{"start":{"line":75,"column":22},"end":{"line":91,"column":4}},"30":{"start":{"line":76,"column":2},"end":{"line":91,"column":4}},"31":{"start":{"line":79,"column":17},"end":{"line":79,"column":19}},"32":{"start":{"line":80,"column":4},"end":{"line":80,"column":63}},"33":{"start":{"line":80,"column":27},"end":{"line":80,"column":63}},"34":{"start":{"line":82,"column":17},"end":{"line":82,"column":41}},"35":{"start":{"line":84,"column":4},"end":{"line":90,"column":6}},"36":{"start":{"line":93,"column":20},"end":{"line":117,"column":4}},"37":{"start":{"line":94,"column":2},"end":{"line":117,"column":4}},"38":{"start":{"line":95,"column":4},"end":{"line":95,"column":74}},"39":{"start":{"line":95,"column":19},"end":{"line":95,"column":74}},"40":{"start":{"line":97,"column":16},"end":{"line":97,"column":51}},"41":{"start":{"line":98,"column":4},"end":{"line":98,"column":68}},"42":{"start":{"line":98,"column":14},"end":{"line":98,"column":68}},"43":{"start":{"line":100,"column":18},"end":{"line":100,"column":65}},"44":{"start":{"line":100,"column":46},"end":{"line":100,"column":64}},"45":{"start":{"line":102,"column":4},"end":{"line":106,"column":5}},"46":{"start":{"line":103,"column":6},"end":{"line":103,"column":34}},"47":{"start":{"line":105,"column":6},"end":{"line":105,"column":62}},"48":{"start":{"line":105,"column":43},"end":{"line":105,"column":61}},"49":{"start":{"line":107,"column":23},"end":{"line":109,"column":6}},"50":{"start":{"line":111,"column":4},"end":{"line":116,"column":6}},"51":{"start":{"line":119,"column":23},"end":{"line":143,"column":4}},"52":{"start":{"line":120,"column":2},"end":{"line":143,"column":4}},"53":{"start":{"line":121,"column":4},"end":{"line":121,"column":74}},"54":{"start":{"line":121,"column":19},"end":{"line":121,"column":74}},"55":{"start":{"line":123,"column":16},"end":{"line":123,"column":51}},"56":{"start":{"line":124,"column":4},"end":{"line":124,"column":68}},"57":{"start":{"line":124,"column":14},"end":{"line":124,"column":68}},"58":{"start":{"line":126,"column":18},"end":{"line":126,"column":68}},"59":{"start":{"line":126,"column":49},"end":{"line":126,"column":67}},"60":{"start":{"line":128,"column":4},"end":{"line":132,"column":5}},"61":{"start":{"line":129,"column":6},"end":{"line":129,"column":37}},"62":{"start":{"line":131,"column":6},"end":{"line":131,"column":68}},"63":{"start":{"line":131,"column":49},"end":{"line":131,"column":67}},"64":{"start":{"line":133,"column":23},"end":{"line":135,"column":6}},"65":{"start":{"line":137,"column":4},"end":{"line":142,"column":6}},"66":{"start":{"line":145,"column":25},"end":{"line":163,"column":4}},"67":{"start":{"line":146,"column":2},"end":{"line":163,"column":4}},"68":{"start":{"line":147,"column":22},"end":{"line":147,"column":30}},"69":{"start":{"line":148,"column":16},"end":{"line":148,"column":53}},"70":{"start":{"line":149,"column":4},"end":{"line":152,"column":7}},"71":{"start":{"line":150,"column":6},"end":{"line":152,"column":7}},"72":{"start":{"line":153,"column":26},"end":{"line":155,"column":6}},"73":{"start":{"line":157,"column":4},"end":{"line":162,"column":6}}},"fnMap":{"0":{"name":"(anonymous_0)","decl":{"start":{"line":4,"column":25},"end":{"line":4,"column":26}},"loc":{"start":{"line":5,"column":2},"end":{"line":13,"column":4}},"line":5},"1":{"name":"(anonymous_1)","decl":{"start":{"line":5,"column":13},"end":{"line":5,"column":14}},"loc":{"start":{"line":5,"column":39},"end":{"line":13,"column":3}},"line":5},"2":{"name":"(anonymous_2)","decl":{"start":{"line":15,"column":25},"end":{"line":15,"column":26}},"loc":{"start":{"line":16,"column":2},"end":{"line":30,"column":4}},"line":16},"3":{"name":"(anonymous_3)","decl":{"start":{"line":16,"column":13},"end":{"line":16,"column":14}},"loc":{"start":{"line":16,"column":39},"end":{"line":30,"column":3}},"line":16},"4":{"name":"(anonymous_4)","decl":{"start":{"line":32,"column":25},"end":{"line":32,"column":26}},"loc":{"start":{"line":33,"column":2},"end":{"line":56,"column":4}},"line":33},"5":{"name":"(anonymous_5)","decl":{"start":{"line":33,"column":13},"end":{"line":33,"column":14}},"loc":{"start":{"line":33,"column":39},"end":{"line":56,"column":3}},"line":33},"6":{"name":"(anonymous_6)","decl":{"start":{"line":58,"column":22},"end":{"line":58,"column":23}},"loc":{"start":{"line":59,"column":2},"end":{"line":73,"column":4}},"line":59},"7":{"name":"(anonymous_7)","decl":{"start":{"line":59,"column":13},"end":{"line":59,"column":14}},"loc":{"start":{"line":59,"column":39},"end":{"line":73,"column":3}},"line":59},"8":{"name":"(anonymous_8)","decl":{"start":{"line":75,"column":22},"end":{"line":75,"column":23}},"loc":{"start":{"line":76,"column":2},"end":{"line":91,"column":4}},"line":76},"9":{"name":"(anonymous_9)","decl":{"start":{"line":76,"column":13},"end":{"line":76,"column":14}},"loc":{"start":{"line":76,"column":39},"end":{"line":91,"column":3}},"line":76},"10":{"name":"(anonymous_10)","decl":{"start":{"line":93,"column":20},"end":{"line":93,"column":21}},"loc":{"start":{"line":94,"column":2},"end":{"line":117,"column":4}},"line":94},"11":{"name":"(anonymous_11)","decl":{"start":{"line":94,"column":13},"end":{"line":94,"column":14}},"loc":{"start":{"line":94,"column":39},"end":{"line":117,"column":3}},"line":94},"12":{"name":"(anonymous_12)","decl":{"start":{"line":100,"column":38},"end":{"line":100,"column":39}},"loc":{"start":{"line":100,"column":46},"end":{"line":100,"column":64}},"line":100},"13":{"name":"(anonymous_13)","decl":{"start":{"line":105,"column":35},"end":{"line":105,"column":36}},"loc":{"start":{"line":105,"column":43},"end":{"line":105,"column":61}},"line":105},"14":{"name":"(anonymous_14)","decl":{"start":{"line":119,"column":23},"end":{"line":119,"column":24}},"loc":{"start":{"line":120,"column":2},"end":{"line":143,"column":4}},"line":120},"15":{"name":"(anonymous_15)","decl":{"start":{"line":120,"column":13},"end":{"line":120,"column":14}},"loc":{"start":{"line":120,"column":39},"end":{"line":143,"column":3}},"line":120},"16":{"name":"(anonymous_16)","decl":{"start":{"line":126,"column":41},"end":{"line":126,"column":42}},"loc":{"start":{"line":126,"column":49},"end":{"line":126,"column":67}},"line":126},"17":{"name":"(anonymous_17)","decl":{"start":{"line":131,"column":41},"end":{"line":131,"column":42}},"loc":{"start":{"line":131,"column":49},"end":{"line":131,"column":67}},"line":131},"18":{"name":"(anonymous_18)","decl":{"start":{"line":145,"column":25},"end":{"line":145,"column":26}},"loc":{"start":{"line":146,"column":2},"end":{"line":163,"column":4}},"line":146},"19":{"name":"(anonymous_19)","decl":{"start":{"line":146,"column":13},"end":{"line":146,"column":14}},"loc":{"start":{"line":146,"column":39},"end":{"line":163,"column":3}},"line":146}},"branchMap":{"0":{"loc":{"start":{"line":8,"column":4},"end":{"line":8,"column":72}},"type":"if","locations":[{"start":{"line":8,"column":4},"end":{"line":8,"column":72}},{"start":{},"end":{}}],"line":8},"1":{"loc":{"start":{"line":22,"column":4},"end":{"line":22,"column":72}},"type":"if","locations":[{"start":{"line":22,"column":4},"end":{"line":22,"column":72}},{"start":{},"end":{}}],"line":22},"2":{"loc":{"start":{"line":35,"column":4},"end":{"line":49,"column":5}},"type":"if","locations":[{"start":{"line":35,"column":4},"end":{"line":49,"column":5}},{"start":{"line":41,"column":11},"end":{"line":49,"column":5}}],"line":35},"3":{"loc":{"start":{"line":41,"column":11},"end":{"line":49,"column":5}},"type":"if","locations":[{"start":{"line":41,"column":11},"end":{"line":49,"column":5}},{"start":{"line":47,"column":11},"end":{"line":49,"column":5}}],"line":41},"4":{"loc":{"start":{"line":61,"column":4},"end":{"line":61,"column":64}},"type":"if","locations":[{"start":{"line":61,"column":4},"end":{"line":61,"column":64}},{"start":{},"end":{}}],"line":61},"5":{"loc":{"start":{"line":65,"column":4},"end":{"line":65,"column":68}},"type":"if","locations":[{"start":{"line":65,"column":4},"end":{"line":65,"column":68}},{"start":{},"end":{}}],"line":65},"6":{"loc":{"start":{"line":80,"column":4},"end":{"line":80,"column":63}},"type":"if","locations":[{"start":{"line":80,"column":4},"end":{"line":80,"column":63}},{"start":{},"end":{}}],"line":80},"7":{"loc":{"start":{"line":95,"column":4},"end":{"line":95,"column":74}},"type":"if","locations":[{"start":{"line":95,"column":4},"end":{"line":95,"column":74}},{"start":{},"end":{}}],"line":95},"8":{"loc":{"start":{"line":98,"column":4},"end":{"line":98,"column":68}},"type":"if","locations":[{"start":{"line":98,"column":4},"end":{"line":98,"column":68}},{"start":{},"end":{}}],"line":98},"9":{"loc":{"start":{"line":102,"column":4},"end":{"line":106,"column":5}},"type":"if","locations":[{"start":{"line":102,"column":4},"end":{"line":106,"column":5}},{"start":{"line":104,"column":11},"end":{"line":106,"column":5}}],"line":102},"10":{"loc":{"start":{"line":121,"column":4},"end":{"line":121,"column":74}},"type":"if","locations":[{"start":{"line":121,"column":4},"end":{"line":121,"column":74}},{"start":{},"end":{}}],"line":121},"11":{"loc":{"start":{"line":124,"column":4},"end":{"line":124,"column":68}},"type":"if","locations":[{"start":{"line":124,"column":4},"end":{"line":124,"column":68}},{"start":{},"end":{}}],"line":124},"12":{"loc":{"start":{"line":128,"column":4},"end":{"line":132,"column":5}},"type":"if","locations":[{"start":{"line":128,"column":4},"end":{"line":132,"column":5}},{"start":{"line":130,"column":11},"end":{"line":132,"column":5}}],"line":128},"13":{"loc":{"start":{"line":149,"column":4},"end":{"line":152,"column":7}},"type":"if","locations":[{"start":{"line":149,"column":4},"end":{"line":152,"column":7}},{"start":{},"end":{}}],"line":149}},"s":{"0":1,"1":6,"2":0,"3":0,"4":0,"5":0,"6":1,"7":5,"8":0,"9":0,"10":0,"11":0,"12":1,"13":5,"14":0,"15":0,"16":0,"17":0,"18":0,"19":0,"20":1,"21":5,"22":0,"23":0,"24":0,"25":0,"26":0,"27":0,"28":0,"29":1,"30":6,"31":1,"32":1,"33":0,"34":1,"35":1,"36":1,"37":1,"38":0,"39":0,"40":0,"41":0,"42":0,"43":0,"44":0,"45":0,"46":0,"47":0,"48":0,"49":0,"50":0,"51":1,"52":1,"53":0,"54":0,"55":0,"56":0,"57":0,"58":0,"59":0,"60":0,"61":0,"62":0,"63":0,"64":0,"65":0,"66":1,"67":1,"68":0,"69":0,"70":0,"71":0,"72":0,"73":0},"f":{"0":6,"1":0,"2":5,"3":0,"4":5,"5":0,"6":5,"7":0,"8":6,"9":1,"10":1,"11":0,"12":0,"13":0,"14":1,"15":0,"16":0,"17":0,"18":1,"19":0},"b":{"0":[0,0],"1":[0,0],"2":[0,0],"3":[0,0],"4":[0,0],"5":[0,0],"6":[0,1],"7":[0,0],"8":[0,0],"9":[0,0],"10":[0,0],"11":[0,0],"12":[0,0],"13":[0,0]},"_coverageSchema":"1a1c01bbd47fc00a2c39e90264f33305004495a9","hash":"4207a5c47c5c04f817fdfb66542381795cd0f44b"}
,"/Users/andelarwanda/Desktop/mybrand-backend/my-brand-backend/src/messages/controllers/messageControllers.js": {"path":"/Users/andelarwanda/Desktop/mybrand-backend/my-brand-backend/src/messages/controllers/messageControllers.js","statementMap":{"0":{"start":{"line":4,"column":29},"end":{"line":4,"column":55}},"1":{"start":{"line":5,"column":30},"end":{"line":5,"column":53}},"2":{"start":{"line":6,"column":26},"end":{"line":6,"column":49}},"3":{"start":{"line":7,"column":29},"end":{"line":7,"column":55}},"4":{"start":{"line":8,"column":29},"end":{"line":8,"column":55}}},"fnMap":{},"branchMap":{},"s":{"0":1,"1":1,"2":1,"3":1,"4":1},"f":{},"b":{},"_coverageSchema":"1a1c01bbd47fc00a2c39e90264f33305004495a9","hash":"c7a9c640738311da238ebe8245ee467455715a48"}
,"/Users/andelarwanda/Desktop/mybrand-backend/my-brand-backend/src/messages/model/messageModel.js": {"path":"/Users/andelarwanda/Desktop/mybrand-backend/my-brand-backend/src/messages/model/messageModel.js","statementMap":{"0":{"start":{"line":3,"column":22},"end":{"line":24,"column":2}},"1":{"start":{"line":26,"column":16},"end":{"line":26,"column":56}}},"fnMap":{},"branchMap":{},"s":{"0":1,"1":1},"f":{},"b":{},"_coverageSchema":"1a1c01bbd47fc00a2c39e90264f33305004495a9","hash":"e98751b2079c6f8b3937180122d30e6e199862c4"}
,"/Users/andelarwanda/Desktop/mybrand-backend/my-brand-backend/src/messages/routes/messageRoutes.js": {"path":"/Users/andelarwanda/Desktop/mybrand-backend/my-brand-backend/src/messages/routes/messageRoutes.js","statementMap":{"0":{"start":{"line":5,"column":15},"end":{"line":5,"column":31}},"1":{"start":{"line":7,"column":0},"end":{"line":18,"column":3}},"2":{"start":{"line":19,"column":0},"end":{"line":35,"column":3}}},"fnMap":{},"branchMap":{},"s":{"0":1,"1":1,"2":1},"f":{},"b":{},"_coverageSchema":"1a1c01bbd47fc00a2c39e90264f33305004495a9","hash":"7556b82260d9498664570b93ab2bec04ce86819f"}
,"/Users/andelarwanda/Desktop/mybrand-backend/my-brand-backend/src/middlewares/middleware.js": {"path":"/Users/andelarwanda/Desktop/mybrand-backend/my-brand-backend/src/middlewares/middleware.js","statementMap":{"0":{"start":{"line":9,"column":23},"end":{"line":41,"column":2}},"1":{"start":{"line":14,"column":2},"end":{"line":16,"column":3}},"2":{"start":{"line":15,"column":4},"end":{"line":15,"column":51}},"3":{"start":{"line":20,"column":2},"end":{"line":24,"column":3}},"4":{"start":{"line":21,"column":4},"end":{"line":23,"column":5}},"5":{"start":{"line":27,"column":18},"end":{"line":27,"column":77}},"6":{"start":{"line":28,"column":2},"end":{"line":28,"column":22}},"7":{"start":{"line":31,"column":20},"end":{"line":31,"column":51}},"8":{"start":{"line":32,"column":2},"end":{"line":36,"column":3}},"9":{"start":{"line":33,"column":4},"end":{"line":35,"column":5}},"10":{"start":{"line":38,"column":2},"end":{"line":38,"column":22}},"11":{"start":{"line":40,"column":2},"end":{"line":40,"column":8}},"12":{"start":{"line":43,"column":26},"end":{"line":52,"column":1}},"13":{"start":{"line":44,"column":2},"end":{"line":51,"column":3}},"14":{"start":{"line":45,"column":4},"end":{"line":49,"column":5}},"15":{"start":{"line":46,"column":6},"end":{"line":48,"column":7}},"16":{"start":{"line":50,"column":4},"end":{"line":50,"column":10}},"17":{"start":{"line":54,"column":33},"end":{"line":59,"column":1}},"18":{"start":{"line":56,"column":2},"end":{"line":56,"column":55}},"19":{"start":{"line":56,"column":22},"end":{"line":56,"column":55}},"20":{"start":{"line":57,"column":2},"end":{"line":57,"column":54}},"21":{"start":{"line":57,"column":24},"end":{"line":57,"column":54}},"22":{"start":{"line":58,"column":2},"end":{"line":58,"column":8}},"23":{"start":{"line":61,"column":27},"end":{"line":64,"column":1}},"24":{"start":{"line":62,"column":17},"end":{"line":62,"column":45}},"25":{"start":{"line":63,"column":2},"end":{"line":63,"column":32}}},"fnMap":{"0":{"name":"(anonymous_0)","decl":{"start":{"line":9,"column":34},"end":{"line":9,"column":35}},"loc":{"start":{"line":9,"column":60},"end":{"line":41,"column":1}},"line":9},"1":{"name":"(anonymous_1)","decl":{"start":{"line":43,"column":26},"end":{"line":43,"column":27}},"loc":{"start":{"line":43,"column":40},"end":{"line":52,"column":1}},"line":43},"2":{"name":"(anonymous_2)","decl":{"start":{"line":44,"column":9},"end":{"line":44,"column":10}},"loc":{"start":{"line":44,"column":29},"end":{"line":51,"column":3}},"line":44},"3":{"name":"(anonymous_3)","decl":{"start":{"line":54,"column":33},"end":{"line":54,"column":34}},"loc":{"start":{"line":54,"column":53},"end":{"line":59,"column":1}},"line":54},"4":{"name":"(anonymous_4)","decl":{"start":{"line":61,"column":27},"end":{"line":61,"column":28}},"loc":{"start":{"line":61,"column":41},"end":{"line":64,"column":1}},"line":61}},"branchMap":{"0":{"loc":{"start":{"line":14,"column":2},"end":{"line":16,"column":3}},"type":"if","locations":[{"start":{"line":14,"column":2},"end":{"line":16,"column":3}},{"start":{},"end":{}}],"line":14},"1":{"loc":{"start":{"line":20,"column":2},"end":{"line":24,"column":3}},"type":"if","locations":[{"start":{"line":20,"column":2},"end":{"line":24,"column":3}},{"start":{},"end":{}}],"line":20},"2":{"loc":{"start":{"line":32,"column":2},"end":{"line":36,"column":3}},"type":"if","locations":[{"start":{"line":32,"column":2},"end":{"line":36,"column":3}},{"start":{},"end":{}}],"line":32},"3":{"loc":{"start":{"line":45,"column":4},"end":{"line":49,"column":5}},"type":"if","locations":[{"start":{"line":45,"column":4},"end":{"line":49,"column":5}},{"start":{},"end":{}}],"line":45},"4":{"loc":{"start":{"line":56,"column":2},"end":{"line":56,"column":55}},"type":"if","locations":[{"start":{"line":56,"column":2},"end":{"line":56,"column":55}},{"start":{},"end":{}}],"line":56},"5":{"loc":{"start":{"line":57,"column":2},"end":{"line":57,"column":54}},"type":"if","locations":[{"start":{"line":57,"column":2},"end":{"line":57,"column":54}},{"start":{},"end":{}}],"line":57}},"s":{"0":1,"1":0,"2":0,"3":0,"4":0,"5":0,"6":0,"7":0,"8":0,"9":0,"10":0,"11":0,"12":1,"13":22,"14":0,"15":0,"16":0,"17":1,"18":0,"19":0,"20":0,"21":0,"22":0,"23":1,"24":0,"25":0},"f":{"0":0,"1":22,"2":0,"3":0,"4":0},"b":{"0":[0,0],"1":[0,0],"2":[0,0],"3":[0,0],"4":[0,0],"5":[0,0]},"_coverageSchema":"1a1c01bbd47fc00a2c39e90264f33305004495a9","hash":"efcf7e0340a98bd42ef830c411e02a0b2542142d"}
,"/Users/andelarwanda/Desktop/mybrand-backend/my-brand-backend/src/projects/controllers/projectControllers.js": {"path":"/Users/andelarwanda/Desktop/mybrand-backend/my-brand-backend/src/projects/controllers/projectControllers.js","statementMap":{"0":{"start":{"line":4,"column":29},"end":{"line":4,"column":66}},"1":{"start":{"line":5,"column":30},"end":{"line":5,"column":53}},"2":{"start":{"line":6,"column":26},"end":{"line":6,"column":49}},"3":{"start":{"line":7,"column":29},"end":{"line":7,"column":55}},"4":{"start":{"line":8,"column":29},"end":{"line":8,"column":55}}},"fnMap":{},"branchMap":{},"s":{"0":1,"1":1,"2":1,"3":1,"4":1},"f":{},"b":{},"_coverageSchema":"1a1c01bbd47fc00a2c39e90264f33305004495a9","hash":"922c8dc6936546520a6f0f5465ba33539a7d0ea1"}
,"/Users/andelarwanda/Desktop/mybrand-backend/my-brand-backend/src/projects/models/projectModel.js": {"path":"/Users/andelarwanda/Desktop/mybrand-backend/my-brand-backend/src/projects/models/projectModel.js","statementMap":{"0":{"start":{"line":3,"column":22},"end":{"line":23,"column":2}},"1":{"start":{"line":25,"column":16},"end":{"line":25,"column":56}}},"fnMap":{},"branchMap":{},"s":{"0":1,"1":1},"f":{},"b":{},"_coverageSchema":"1a1c01bbd47fc00a2c39e90264f33305004495a9","hash":"a8256101731dc99cc42ee72f6acd07118533256b"}
,"/Users/andelarwanda/Desktop/mybrand-backend/my-brand-backend/src/projects/routes/projectRoutes.js": {"path":"/Users/andelarwanda/Desktop/mybrand-backend/my-brand-backend/src/projects/routes/projectRoutes.js","statementMap":{"0":{"start":{"line":6,"column":16},"end":{"line":13,"column":2}},"1":{"start":{"line":8,"column":4},"end":{"line":8,"column":30}},"2":{"start":{"line":11,"column":4},"end":{"line":11,"column":64}},"3":{"start":{"line":14,"column":15},"end":{"line":14,"column":43}},"4":{"start":{"line":16,"column":15},"end":{"line":16,"column":31}},"5":{"start":{"line":18,"column":0},"end":{"line":30,"column":3}},"6":{"start":{"line":31,"column":0},"end":{"line":47,"column":3}}},"fnMap":{"0":{"name":"(anonymous_0)","decl":{"start":{"line":7,"column":15},"end":{"line":7,"column":16}},"loc":{"start":{"line":7,"column":46},"end":{"line":9,"column":3}},"line":7},"1":{"name":"(anonymous_1)","decl":{"start":{"line":10,"column":12},"end":{"line":10,"column":13}},"loc":{"start":{"line":10,"column":43},"end":{"line":12,"column":3}},"line":10}},"branchMap":{},"s":{"0":1,"1":0,"2":0,"3":1,"4":1,"5":1,"6":1},"f":{"0":0,"1":0},"b":{},"_coverageSchema":"1a1c01bbd47fc00a2c39e90264f33305004495a9","hash":"f8d06d2bd71bdfe3446b249884dfa54cb12d0579"}
,"/Users/andelarwanda/Desktop/mybrand-backend/my-brand-backend/src/users/controllers/userController.js": {"path":"/Users/andelarwanda/Desktop/mybrand-backend/my-brand-backend/src/users/controllers/userController.js","statementMap":{"0":{"start":{"line":4,"column":26},"end":{"line":4,"column":49}},"1":{"start":{"line":5,"column":26},"end":{"line":5,"column":46}},"2":{"start":{"line":6,"column":23},"end":{"line":6,"column":43}},"3":{"start":{"line":7,"column":26},"end":{"line":7,"column":49}},"4":{"start":{"line":8,"column":26},"end":{"line":8,"column":49}}},"fnMap":{},"branchMap":{},"s":{"0":1,"1":1,"2":1,"3":1,"4":1},"f":{},"b":{},"_coverageSchema":"1a1c01bbd47fc00a2c39e90264f33305004495a9","hash":"6b1720dd4c38fc97d3ab45d524245e4c20a09023"}
,"/Users/andelarwanda/Desktop/mybrand-backend/my-brand-backend/src/users/model/userModel.js": {"path":"/Users/andelarwanda/Desktop/mybrand-backend/my-brand-backend/src/users/model/userModel.js","statementMap":{"0":{"start":{"line":7,"column":19},"end":{"line":55,"column":2}},"1":{"start":{"line":40,"column":8},"end":{"line":40,"column":35}},"2":{"start":{"line":59,"column":0},"end":{"line":64,"column":2}},"3":{"start":{"line":60,"column":2},"end":{"line":60,"column":49}},"4":{"start":{"line":60,"column":36},"end":{"line":60,"column":49}},"5":{"start":{"line":61,"column":2},"end":{"line":61,"column":54}},"6":{"start":{"line":62,"column":2},"end":{"line":62,"column":34}},"7":{"start":{"line":63,"column":2},"end":{"line":63,"column":8}},"8":{"start":{"line":68,"column":0},"end":{"line":73,"column":1}},"9":{"start":{"line":72,"column":2},"end":{"line":72,"column":62}},"10":{"start":{"line":77,"column":0},"end":{"line":86,"column":1}},"11":{"start":{"line":78,"column":2},"end":{"line":84,"column":3}},"12":{"start":{"line":79,"column":29},"end":{"line":82,"column":5}},"13":{"start":{"line":83,"column":4},"end":{"line":83,"column":42}},"14":{"start":{"line":85,"column":2},"end":{"line":85,"column":14}},"15":{"start":{"line":88,"column":0},"end":{"line":99,"column":1}},"16":{"start":{"line":89,"column":21},"end":{"line":89,"column":59}},"17":{"start":{"line":90,"column":2},"end":{"line":93,"column":18}},"18":{"start":{"line":95,"column":2},"end":{"line":95,"column":54}},"19":{"start":{"line":97,"column":2},"end":{"line":97,"column":57}},"20":{"start":{"line":98,"column":2},"end":{"line":98,"column":19}},"21":{"start":{"line":101,"column":13},"end":{"line":101,"column":47}}},"fnMap":{"0":{"name":"(anonymous_0)","decl":{"start":{"line":39,"column":17},"end":{"line":39,"column":18}},"loc":{"start":{"line":39,"column":31},"end":{"line":41,"column":7}},"line":39},"1":{"name":"(anonymous_1)","decl":{"start":{"line":59,"column":23},"end":{"line":59,"column":24}},"loc":{"start":{"line":59,"column":45},"end":{"line":64,"column":1}},"line":59},"2":{"name":"(anonymous_2)","decl":{"start":{"line":68,"column":37},"end":{"line":68,"column":38}},"loc":{"start":{"line":71,"column":2},"end":{"line":73,"column":1}},"line":71},"3":{"name":"(anonymous_3)","decl":{"start":{"line":77,"column":42},"end":{"line":77,"column":43}},"loc":{"start":{"line":77,"column":72},"end":{"line":86,"column":1}},"line":77},"4":{"name":"(anonymous_4)","decl":{"start":{"line":88,"column":46},"end":{"line":88,"column":47}},"loc":{"start":{"line":88,"column":58},"end":{"line":99,"column":1}},"line":88}},"branchMap":{"0":{"loc":{"start":{"line":60,"column":2},"end":{"line":60,"column":49}},"type":"if","locations":[{"start":{"line":60,"column":2},"end":{"line":60,"column":49}},{"start":{},"end":{}}],"line":60},"1":{"loc":{"start":{"line":78,"column":2},"end":{"line":84,"column":3}},"type":"if","locations":[{"start":{"line":78,"column":2},"end":{"line":84,"column":3}},{"start":{},"end":{}}],"line":78}},"s":{"0":1,"1":0,"2":1,"3":0,"4":0,"5":0,"6":0,"7":0,"8":1,"9":0,"10":1,"11":0,"12":0,"13":0,"14":0,"15":1,"16":0,"17":0,"18":0,"19":0,"20":0,"21":1},"f":{"0":0,"1":0,"2":0,"3":0,"4":0},"b":{"0":[0,0],"1":[0,0]},"_coverageSchema":"1a1c01bbd47fc00a2c39e90264f33305004495a9","hash":"330c2b6253e28d9b417ef0ff4e4e6adb38969996"}
,"/Users/andelarwanda/Desktop/mybrand-backend/my-brand-backend/src/users/routes/userRoutes.js": {"path":"/Users/andelarwanda/Desktop/mybrand-backend/my-brand-backend/src/users/routes/userRoutes.js","statementMap":{"0":{"start":{"line":6,"column":15},"end":{"line":6,"column":31}},"1":{"start":{"line":10,"column":0},"end":{"line":10,"column":45}},"2":{"start":{"line":11,"column":0},"end":{"line":11,"column":43}},"3":{"start":{"line":12,"column":0},"end":{"line":12,"column":61}},"4":{"start":{"line":13,"column":0},"end":{"line":13,"column":67}},"5":{"start":{"line":15,"column":0},"end":{"line":26,"column":3}},"6":{"start":{"line":27,"column":0},"end":{"line":43,"column":3}}},"fnMap":{},"branchMap":{},"s":{"0":1,"1":1,"2":1,"3":1,"4":1,"5":1,"6":1},"f":{},"b":{},"_coverageSchema":"1a1c01bbd47fc00a2c39e90264f33305004495a9","hash":"6db61e8f83f5c3d2e28fe85c56e60861d78bf3ca"}
,"/Users/andelarwanda/Desktop/mybrand-backend/my-brand-backend/src/utils/appError.js": {"path":"/Users/andelarwanda/Desktop/mybrand-backend/my-brand-backend/src/utils/appError.js","statementMap":{"0":{"start":{"line":3,"column":4},"end":{"line":3,"column":18}},"1":{"start":{"line":4,"column":4},"end":{"line":4,"column":26}},"2":{"start":{"line":5,"column":4},"end":{"line":5,"column":32}},"3":{"start":{"line":6,"column":4},"end":{"line":6,"column":68}},"4":{"start":{"line":7,"column":4},"end":{"line":7,"column":29}},"5":{"start":{"line":9,"column":4},"end":{"line":9,"column":51}}},"fnMap":{"0":{"name":"(anonymous_0)","decl":{"start":{"line":2,"column":2},"end":{"line":2,"column":3}},"loc":{"start":{"line":2,"column":35},"end":{"line":10,"column":3}},"line":2}},"branchMap":{"0":{"loc":{"start":{"line":6,"column":18},"end":{"line":6,"column":68}},"type":"cond-expr","locations":[{"start":{"line":6,"column":52},"end":{"line":6,"column":58}},{"start":{"line":6,"column":61},"end":{"line":6,"column":68}}],"line":6}},"s":{"0":0,"1":0,"2":0,"3":0,"4":0,"5":0},"f":{"0":0},"b":{"0":[0,0]},"_coverageSchema":"1a1c01bbd47fc00a2c39e90264f33305004495a9","hash":"eb6307b05ad1336465042006e85927abfce3f843"}
,"/Users/andelarwanda/Desktop/mybrand-backend/my-brand-backend/src/utils/catchAsync.js": {"path":"/Users/andelarwanda/Desktop/mybrand-backend/my-brand-backend/src/utils/catchAsync.js","statementMap":{"0":{"start":{"line":1,"column":19},"end":{"line":5,"column":1}},"1":{"start":{"line":2,"column":2},"end":{"line":4,"column":3}},"2":{"start":{"line":3,"column":4},"end":{"line":3,"column":34}}},"fnMap":{"0":{"name":"(anonymous_0)","decl":{"start":{"line":1,"column":19},"end":{"line":1,"column":20}},"loc":{"start":{"line":1,"column":27},"end":{"line":5,"column":1}},"line":1},"1":{"name":"(anonymous_1)","decl":{"start":{"line":2,"column":9},"end":{"line":2,"column":10}},"loc":{"start":{"line":2,"column":29},"end":{"line":4,"column":3}},"line":2}},"branchMap":{},"s":{"0":1,"1":34,"2":1},"f":{"0":34,"1":1},"b":{},"_coverageSchema":"1a1c01bbd47fc00a2c39e90264f33305004495a9","hash":"2d04835223faca729124c16e37c07c9021fe9470"}
,"/Users/andelarwanda/Desktop/mybrand-backend/my-brand-backend/src/utils/email.js": {"path":"/Users/andelarwanda/Desktop/mybrand-backend/my-brand-backend/src/utils/email.js","statementMap":{"0":{"start":{"line":4,"column":18},"end":{"line":24,"column":1}},"1":{"start":{"line":6,"column":22},"end":{"line":14,"column":4}},"2":{"start":{"line":16,"column":22},"end":{"line":21,"column":3}},"3":{"start":{"line":23,"column":2},"end":{"line":23,"column":41}}},"fnMap":{"0":{"name":"(anonymous_0)","decl":{"start":{"line":4,"column":18},"end":{"line":4,"column":19}},"loc":{"start":{"line":4,"column":37},"end":{"line":24,"column":1}},"line":4}},"branchMap":{},"s":{"0":1,"1":0,"2":0,"3":0},"f":{"0":0},"b":{},"_coverageSchema":"1a1c01bbd47fc00a2c39e90264f33305004495a9","hash":"870c20bd9701466c99d39934e6a48c1985fade7a"}
}
