TN:
SF:app.js
FN:24,(anonymous_0)
FN:42,(anonymous_1)
FNF:2
FNH:0
FNDA:0,(anonymous_0)
FNDA:0,(anonymous_1)
DA:13,1
DA:14,1
DA:16,1
DA:17,0
DA:20,1
DA:24,1
DA:25,0
DA:33,1
DA:34,1
DA:35,1
DA:36,1
DA:37,1
DA:38,1
DA:42,1
DA:43,0
DA:46,1
LF:16
LH:13
BRDA:16,0,0,0
BRDA:16,0,1,1
BRF:2
BRH:1
end_of_record
TN:
SF:src/Authentication/authController.js
FN:11,(anonymous_0)
FN:19,(anonymous_1)
FN:50,(anonymous_2)
FN:70,(anonymous_3)
FN:107,(anonymous_4)
FNF:5
FNH:0
FNDA:0,(anonymous_0)
FNDA:0,(anonymous_1)
FNDA:0,(anonymous_2)
FNDA:0,(anonymous_3)
FNDA:0,(anonymous_4)
DA:11,1
DA:12,0
DA:19,1
DA:20,0
DA:21,0
DA:23,0
DA:24,0
DA:29,0
DA:38,0
DA:39,0
DA:50,1
DA:51,0
DA:52,0
DA:53,0
DA:54,0
DA:57,0
DA:59,0
DA:60,0
DA:63,0
DA:64,0
DA:70,1
DA:72,0
DA:74,0
DA:75,0
DA:78,0
DA:79,0
DA:82,0
DA:86,0
DA:88,0
DA:89,0
DA:95,0
DA:100,0
DA:101,0
DA:102,0
DA:104,0
DA:107,1
LF:36
LH:5
BRDA:23,0,0,0
BRDA:23,0,1,0
BRDA:53,1,0,0
BRDA:53,1,1,0
BRDA:53,2,0,0
BRDA:53,2,1,0
BRDA:59,3,0,0
BRDA:59,3,1,0
BRDA:59,4,0,0
BRDA:59,4,1,0
BRDA:74,5,0,0
BRDA:74,5,1,0
BRF:12
BRH:0
end_of_record
TN:
SF:src/Subscribers/Routes/subscriberRoutes.js
FNF:0
FNH:0
DA:4,1
DA:6,1
DA:7,1
LF:3
LH:3
BRF:0
BRH:0
end_of_record
TN:
SF:src/Subscribers/controller/SubscribeController.js
FNF:0
FNH:0
DA:4,1
DA:5,1
DA:6,1
LF:3
LH:3
BRF:0
BRH:0
end_of_record
TN:
SF:src/Subscribers/model/Subscribers.js
FNF:0
FNH:0
DA:3,1
DA:11,1
LF:2
LH:2
BRF:0
BRH:0
end_of_record
TN:
SF:src/blogs/controller/blogControllers.js
FNF:0
FNH:0
DA:4,1
DA:5,1
DA:6,1
DA:7,1
DA:8,1
DA:9,1
DA:10,1
LF:7
LH:7
BRF:0
BRH:0
end_of_record
TN:
SF:src/blogs/model/blogModel.js
FNF:0
FNH:0
DA:5,1
DA:37,1
DA:43,1
LF:3
LH:3
BRF:0
BRH:0
end_of_record
TN:
SF:src/blogs/routes/blogRoutes.js
FN:9,(anonymous_0)
FN:12,(anonymous_1)
FNF:2
FNH:0
FNDA:0,(anonymous_0)
FNDA:0,(anonymous_1)
DA:8,1
DA:10,0
DA:13,0
DA:16,1
DA:18,1
DA:20,1
DA:21,1
DA:22,1
DA:24,1
DA:33,1
LF:10
LH:8
BRF:0
BRH:0
end_of_record
TN:
SF:src/comments/controllers/commentsControllers.js
FNF:0
FNH:0
DA:4,1
DA:5,1
DA:6,1
DA:7,1
DA:8,1
LF:5
LH:5
BRF:0
BRH:0
end_of_record
TN:
SF:src/comments/model/commentsModel.js
FN:33,(anonymous_0)
FNF:1
FNH:0
FNDA:0,(anonymous_0)
DA:5,1
DA:33,1
DA:34,0
DA:38,0
DA:40,1
LF:5
LH:3
BRF:0
BRH:0
end_of_record
TN:
SF:src/comments/routes/commentRoutes.js
FNF:0
FNH:0
DA:5,1
DA:7,1
DA:20,1
LF:3
LH:3
BRF:0
BRH:0
end_of_record
TN:
SF:src/errorControllers/errorController.js
FN:4,(anonymous_0)
FN:8,(anonymous_1)
FN:15,(anonymous_2)
FN:16,(anonymous_3)
FN:21,(anonymous_4)
FN:30,(anonymous_5)
FN:50,(anonymous_6)
FNF:7
FNH:0
FNDA:0,(anonymous_0)
FNDA:0,(anonymous_1)
FNDA:0,(anonymous_2)
FNDA:0,(anonymous_3)
FNDA:0,(anonymous_4)
FNDA:0,(anonymous_5)
FNDA:0,(anonymous_6)
DA:4,1
DA:5,0
DA:6,0
DA:8,1
DA:9,0
DA:10,0
DA:12,0
DA:15,1
DA:16,0
DA:17,0
DA:18,0
DA:21,1
DA:22,0
DA:30,1
DA:33,0
DA:34,0
DA:43,0
DA:50,1
DA:51,0
DA:52,0
DA:53,0
DA:54,0
DA:56,0
DA:57,0
DA:58,0
DA:59,0
DA:60,0
DA:61,0
DA:62,0
DA:63,0
DA:64,0
DA:65,0
LF:32
LH:6
BRDA:33,0,0,0
BRDA:33,0,1,0
BRDA:53,1,0,0
BRDA:53,1,1,0
BRDA:54,2,0,0
BRDA:54,2,1,0
BRDA:56,3,0,0
BRDA:56,3,1,0
BRDA:58,4,0,0
BRDA:58,4,1,0
BRDA:62,5,0,0
BRDA:62,5,1,0
BRDA:63,6,0,0
BRDA:63,6,1,0
BRDA:64,7,0,0
BRDA:64,7,1,0
BRF:16
BRH:0
end_of_record
TN:
SF:src/handlerFactory/handlerFactory.js
FN:4,(anonymous_0)
FN:5,(anonymous_1)
FN:15,(anonymous_2)
FN:16,(anonymous_3)
FN:32,(anonymous_4)
FN:33,(anonymous_5)
FN:58,(anonymous_6)
FN:59,(anonymous_7)
FN:75,(anonymous_8)
FN:76,(anonymous_9)
FN:93,(anonymous_10)
FN:94,(anonymous_11)
FN:100,(anonymous_12)
FN:105,(anonymous_13)
FN:119,(anonymous_14)
FN:120,(anonymous_15)
FN:126,(anonymous_16)
FN:131,(anonymous_17)
FN:145,(anonymous_18)
FN:146,(anonymous_19)
FNF:20
FNH:9
FNDA:6,(anonymous_0)
FNDA:0,(anonymous_1)
FNDA:5,(anonymous_2)
FNDA:0,(anonymous_3)
FNDA:5,(anonymous_4)
FNDA:1,(anonymous_5)
FNDA:5,(anonymous_6)
FNDA:0,(anonymous_7)
FNDA:6,(anonymous_8)
FNDA:0,(anonymous_9)
FNDA:1,(anonymous_10)
FNDA:0,(anonymous_11)
FNDA:0,(anonymous_12)
FNDA:0,(anonymous_13)
FNDA:1,(anonymous_14)
FNDA:0,(anonymous_15)
FNDA:0,(anonymous_16)
FNDA:0,(anonymous_17)
FNDA:1,(anonymous_18)
FNDA:0,(anonymous_19)
DA:4,1
DA:5,6
DA:6,0
DA:8,0
DA:9,0
DA:15,1
DA:16,5
DA:17,0
DA:22,0
DA:24,0
DA:32,1
DA:33,5
DA:35,1
DA:36,0
DA:41,1
DA:42,0
DA:48,1
DA:50,1
DA:58,1
DA:59,5
DA:60,0
DA:61,0
DA:63,0
DA:65,0
DA:67,0
DA:75,1
DA:76,6
DA:79,0
DA:80,0
DA:82,0
DA:84,0
DA:93,1
DA:94,1
DA:95,0
DA:97,0
DA:98,0
DA:100,0
DA:102,0
DA:103,0
DA:105,0
DA:107,0
DA:111,0
DA:119,1
DA:120,1
DA:121,0
DA:123,0
DA:124,0
DA:126,0
DA:128,0
DA:129,0
DA:131,0
DA:133,0
DA:137,0
DA:145,1
DA:146,1
DA:147,0
DA:148,0
DA:149,0
DA:150,0
DA:153,0
DA:157,0
LF:61
LH:20
BRDA:8,0,0,0
BRDA:8,0,1,0
BRDA:22,1,0,0
BRDA:22,1,1,0
BRDA:35,2,0,0
BRDA:35,2,1,1
BRDA:41,3,0,0
BRDA:41,3,1,1
BRDA:61,4,0,0
BRDA:61,4,1,0
BRDA:65,5,0,0
BRDA:65,5,1,0
BRDA:80,6,0,0
BRDA:80,6,1,0
BRDA:95,7,0,0
BRDA:95,7,1,0
BRDA:98,8,0,0
BRDA:98,8,1,0
BRDA:102,9,0,0
BRDA:102,9,1,0
BRDA:121,10,0,0
BRDA:121,10,1,0
BRDA:124,11,0,0
BRDA:124,11,1,0
BRDA:128,12,0,0
BRDA:128,12,1,0
BRDA:149,13,0,0
BRDA:149,13,1,0
BRF:28
BRH:2
end_of_record
TN:
SF:src/messages/controllers/messageControllers.js
FNF:0
FNH:0
DA:4,1
DA:5,1
DA:6,1
DA:7,1
DA:8,1
LF:5
LH:5
BRF:0
BRH:0
end_of_record
TN:
SF:src/messages/model/messageModel.js
FNF:0
FNH:0
DA:3,1
DA:26,1
LF:2
LH:2
BRF:0
BRH:0
end_of_record
TN:
SF:src/messages/routes/messageRoutes.js
FNF:0
FNH:0
DA:5,1
DA:7,1
DA:19,1
LF:3
LH:3
BRF:0
BRH:0
end_of_record
TN:
SF:src/middlewares/middleware.js
FN:9,(anonymous_0)
FN:43,(anonymous_1)
FN:44,(anonymous_2)
FN:54,(anonymous_3)
FN:61,(anonymous_4)
FNF:5
FNH:1
FNDA:0,(anonymous_0)
FNDA:13,(anonymous_1)
FNDA:0,(anonymous_2)
FNDA:0,(anonymous_3)
FNDA:0,(anonymous_4)
DA:9,1
DA:14,0
DA:15,0
DA:20,0
DA:21,0
DA:27,0
DA:28,0
DA:31,0
DA:32,0
DA:33,0
DA:38,0
DA:40,0
DA:43,1
DA:44,13
DA:45,0
DA:46,0
DA:50,0
DA:54,1
DA:56,0
DA:57,0
DA:58,0
DA:61,1
DA:62,0
DA:63,0
LF:24
LH:5
BRDA:14,0,0,0
BRDA:14,0,1,0
BRDA:20,1,0,0
BRDA:20,1,1,0
BRDA:32,2,0,0
BRDA:32,2,1,0
BRDA:45,3,0,0
BRDA:45,3,1,0
BRDA:56,4,0,0
BRDA:56,4,1,0
BRDA:57,5,0,0
BRDA:57,5,1,0
BRF:12
BRH:0
end_of_record
TN:
SF:src/projects/controllers/projectControllers.js
FNF:0
FNH:0
DA:4,1
DA:5,1
DA:6,1
DA:7,1
DA:8,1
LF:5
LH:5
BRF:0
BRH:0
end_of_record
TN:
SF:src/projects/models/projectModel.js
FNF:0
FNH:0
DA:3,1
DA:25,1
LF:2
LH:2
BRF:0
BRH:0
end_of_record
TN:
SF:src/projects/routes/projectRoutes.js
FN:7,(anonymous_0)
FN:10,(anonymous_1)
FNF:2
FNH:0
FNDA:0,(anonymous_0)
FNDA:0,(anonymous_1)
DA:6,1
DA:8,0
DA:11,0
DA:14,1
DA:16,1
DA:18,1
DA:31,1
LF:7
LH:5
BRF:0
BRH:0
end_of_record
TN:
SF:src/users/controllers/userController.js
FNF:0
FNH:0
DA:4,1
DA:5,1
DA:6,1
DA:7,1
DA:8,1
LF:5
LH:5
BRF:0
BRH:0
end_of_record
TN:
SF:src/users/model/userModel.js
FN:39,(anonymous_0)
FN:59,(anonymous_1)
FN:68,(anonymous_2)
FN:77,(anonymous_3)
FN:88,(anonymous_4)
FNF:5
FNH:0
FNDA:0,(anonymous_0)
FNDA:0,(anonymous_1)
FNDA:0,(anonymous_2)
FNDA:0,(anonymous_3)
FNDA:0,(anonymous_4)
DA:7,1
DA:40,0
DA:59,1
DA:60,0
DA:61,0
DA:62,0
DA:63,0
DA:68,1
DA:72,0
DA:77,1
DA:78,0
DA:79,0
DA:83,0
DA:85,0
DA:88,1
DA:89,0
DA:90,0
DA:95,0
DA:97,0
DA:98,0
DA:101,1
LF:21
LH:6
BRDA:60,0,0,0
BRDA:60,0,1,0
BRDA:78,1,0,0
BRDA:78,1,1,0
BRF:4
BRH:0
end_of_record
TN:
SF:src/users/routes/userRoutes.js
FNF:0
FNH:0
DA:6,1
DA:10,1
DA:11,1
DA:12,1
DA:13,1
DA:15,1
DA:27,1
LF:7
LH:7
BRF:0
BRH:0
end_of_record
TN:
SF:src/utils/appError.js
FN:2,(anonymous_0)
FNF:1
FNH:0
FNDA:0,(anonymous_0)
DA:3,0
DA:4,0
DA:5,0
DA:6,0
DA:7,0
DA:9,0
LF:6
LH:0
BRDA:6,0,0,0
BRDA:6,0,1,0
BRF:2
BRH:0
end_of_record
TN:
SF:src/utils/catchAsync.js
FN:1,(anonymous_0)
FN:2,(anonymous_1)
FNF:2
FNH:2
FNDA:34,(anonymous_0)
FNDA:1,(anonymous_1)
DA:1,1
DA:2,34
DA:3,1
LF:3
LH:3
BRF:0
BRH:0
end_of_record
TN:
SF:src/utils/email.js
FN:4,(anonymous_0)
FNF:1
FNH:0
FNDA:0,(anonymous_0)
DA:4,1
DA:6,0
DA:16,0
DA:23,0
LF:4
LH:1
BRF:0
BRH:0
end_of_record
